<?xml version="1.0" encoding="UTF-8"?>
<!-- Generated by org.testng.reporters.JUnitReportReporter -->
<testsuite skipped="0" hostname="LAPTOP-TUC6MDGI" name="cucumberOptions.TestRunner" tests="1" failures="0" timestamp="07 Jun 2020 17:02:43 GMT" time="0.091" errors="0">
  <testcase name="feature" time="0.091" classname="cucumberOptions.TestRunner"/>
</testsuite> <!-- cucumberOptions.TestRunner -->
